[04/04/21 08:29:05] [ERROR] Error while retrieving HTTP POST response from '/api/v8/channels/827532185056837662/messages': end of stream
[04/04/21 08:49:21] [ERROR] Error while retrieving HTTP POST response from '/api/v8/channels/827532185056837662/messages': end of stream
[04/04/21 09:14:21] [ERROR] Error while retrieving HTTP POST response from '/api/v8/channels/827532185056837662/messages': end of stream
[04/04/21 09:46:41] [ERROR] Error while retrieving HTTP POST response from '/api/v8/channels/827532185056837662/messages': end of stream
[04/04/21 10:10:14] [ERROR] Error while retrieving HTTP POST response from '/api/v8/channels/827532185056837662/messages': end of stream
[04/04/21 11:01:27] [ERROR] Can't write to Discord websocket gateway: Operation canceled (125)
[04/04/21 11:56:39] [ERROR] Error while retrieving HTTP POST response from '/api/v8/channels/827532185056837662/messages': end of stream
[04/04/21 12:19:48] [ERROR] Error while retrieving HTTP POST response from '/api/v8/channels/827532185056837662/messages': end of stream
[04/04/21 12:47:55] [ERROR] Error while retrieving HTTP POST response from '/api/v8/channels/827532185056837662/messages': end of stream
[04/04/21 13:12:57] [ERROR] Error while retrieving HTTP POST response from '/api/v8/channels/827532185056837662/messages': end of stream
[04/04/21 14:24:31] [ERROR] Can't write to Discord websocket gateway: Operation canceled (125)
[04/04/21 15:08:09] [ERROR] Can't write to Discord websocket gateway: Operation canceled (125)
[04/04/21 16:54:05] [ERROR] Can't write to Discord websocket gateway: Operation canceled (125)
[04/04/21 18:10:50] [ERROR] Error while retrieving HTTP POST response from '/api/v8/channels/827532185056837662/messages': end of stream
[04/04/21 18:18:37] [ERROR] Error while retrieving HTTP POST response from '/api/v8/channels/827532185056837662/messages': end of stream
[04/04/21 19:24:00] [ERROR] Error while retrieving HTTP POST response from '/api/v8/channels/827532185056837662/messages': end of stream
[04/04/21 19:42:00] [ERROR] Error while retrieving HTTP POST response from '/api/v8/channels/827584133319753758/messages': end of stream
[04/04/21 20:00:49] [ERROR] Error while retrieving HTTP POST response from '/api/v8/channels/827531952059842561/messages': end of stream
[04/04/21 20:10:49] [ERROR] Can't write to Discord websocket gateway: Operation canceled (125)
[04/04/21 20:17:52] [ERROR] Error while retrieving HTTP POST response from '/api/v8/channels/827532185056837662/messages': end of stream
[04/04/21 20:58:39] [ERROR] Error while retrieving HTTP POST response from '/api/v8/channels/827532185056837662/messages': end of stream
[04/04/21 21:27:46] [ERROR] Error while retrieving HTTP POST response from '/api/v8/channels/827532185056837662/messages': end of stream
[04/04/21 21:51:42] [ERROR] Error while retrieving HTTP POST response from '/api/v8/channels/827532185056837662/messages': end of stream
[04/04/21 22:00:11] [ERROR] Error while retrieving HTTP POST response from '/api/v8/channels/827531952059842561/messages': end of stream
[04/04/21 23:00:35] [ERROR] Error while retrieving HTTP POST response from '/api/v8/channels/827531952059842561/messages': end of stream
[04/05/21 00:01:02] [ERROR] Error while retrieving HTTP POST response from '/api/v8/channels/827531952059842561/messages': end of stream
[04/05/21 00:38:09] [ERROR] Can't write to Discord websocket gateway: Operation canceled (125)
[04/05/21 01:00:22] [ERROR] Error while retrieving HTTP POST response from '/api/v8/channels/827531952059842561/messages': end of stream
[04/05/21 01:30:14] [ERROR] Error while retrieving HTTP POST response from '/api/v8/channels/827532185056837662/messages': end of stream
[04/05/21 01:59:18] [ERROR] Can't write to Discord websocket gateway: Operation canceled (125)
[04/05/21 02:00:49] [ERROR] Error while retrieving HTTP POST response from '/api/v8/channels/827531952059842561/messages': end of stream
[04/05/21 03:00:14] [ERROR] Error while retrieving HTTP POST response from '/api/v8/channels/827531952059842561/messages': end of stream
[04/05/21 03:13:10] [ERROR] Error while retrieving HTTP POST response from '/api/v8/channels/827532185056837662/messages': end of stream
[04/05/21 03:26:23] [ERROR] Error while retrieving HTTP POST response from '/api/v8/channels/827532185056837662/messages': end of stream
[04/05/21 03:36:12] [ERROR] Error while retrieving HTTP POST response from '/api/v8/channels/827532185056837662/messages': end of stream
[04/05/21 03:46:14] [ERROR] Can't write to Discord websocket gateway: Operation canceled (125)
[04/05/21 03:48:21] [ERROR] Error while retrieving HTTP POST response from '/api/v8/channels/827532185056837662/messages': end of stream
[04/05/21 04:00:03] [ERROR] Error while retrieving HTTP POST response from '/api/v8/channels/827532185056837662/messages': end of stream
[04/05/21 04:27:22] [ERROR] Error while retrieving HTTP POST response from '/api/v8/channels/827532185056837662/messages': end of stream
[04/05/21 04:37:18] [ERROR] Error while retrieving HTTP POST response from '/api/v8/channels/827532185056837662/messages': end of stream
[04/05/21 04:47:36] [ERROR] Error while retrieving HTTP POST response from '/api/v8/channels/827532185056837662/messages': end of stream
[04/05/21 05:00:43] [ERROR] Error while retrieving HTTP POST response from '/api/v8/channels/827532185056837662/messages': end of stream
[04/05/21 05:09:29] [ERROR] Error while retrieving HTTP POST response from '/api/v8/channels/827532185056837662/messages': end of stream
[04/05/21 05:26:12] [ERROR] Error while retrieving HTTP POST response from '/api/v8/channels/827532185056837662/messages': end of stream
[04/05/21 07:02:10] [ERROR] Can't write to Discord websocket gateway: Operation canceled (125)
[04/05/21 08:16:07] [ERROR] Error while retrieving HTTP POST response from '/api/v8/channels/827532185056837662/messages': end of stream
[04/05/21 08:44:15] [ERROR] Error while retrieving HTTP POST response from '/api/v8/channels/827532185056837662/messages': end of stream
[04/05/21 09:20:00] [ERROR] Can't write to Discord websocket gateway: Operation canceled (125)
[04/05/21 09:48:25] [ERROR] Can't write to Discord websocket gateway: Operation canceled (125)
[04/05/21 13:21:10] [ERROR] Can't write to Discord websocket gateway: Operation canceled (125)
[04/05/21 14:01:18] [ERROR] Can't write to Discord websocket gateway: Operation canceled (125)
[04/05/21 14:23:33] [ERROR] Can't write to Discord websocket gateway: Operation canceled (125)
[04/05/21 14:46:18] [ERROR] Error while retrieving HTTP POST response from '/api/v8/channels/827532185056837662/messages': end of stream
[04/05/21 14:49:35] [ERROR] Can't write to Discord websocket gateway: Operation canceled (125)
[04/05/21 15:13:03] [ERROR] Error while retrieving HTTP POST response from '/api/v8/channels/827532185056837662/messages': end of stream
[04/05/21 15:38:35] [ERROR] Can't write to Discord websocket gateway: Operation canceled (125)
[04/05/21 15:59:19] [ERROR] Error while retrieving HTTP POST response from '/api/v8/channels/827532185056837662/messages': end of stream
[04/05/21 16:42:38] [ERROR] Can't write to Discord websocket gateway: Operation canceled (125)
[04/05/21 17:39:32] [ERROR] Error while retrieving HTTP POST response from '/api/v8/channels/827532185056837662/messages': end of stream
[04/05/21 18:21:31] [ERROR] Error while retrieving HTTP POST response from '/api/v8/channels/827532185056837662/messages': end of stream
[04/05/21 18:34:42] [ERROR] Can't write to Discord websocket gateway: Operation canceled (125)
[04/05/21 18:36:53] [ERROR] Error while retrieving HTTP POST response from '/api/v8/channels/827532185056837662/messages': end of stream
[04/05/21 19:32:23] [ERROR] Error while retrieving HTTP POST response from '/api/v8/channels/827532185056837662/messages': end of stream
[04/05/21 19:41:07] [ERROR] Can't write to Discord websocket gateway: Operation canceled (125)
[04/05/21 20:40:26] [ERROR] Can't write to Discord websocket gateway: Operation canceled (125)
[04/05/21 21:00:23] [ERROR] Error while retrieving HTTP POST response from '/api/v8/channels/827531952059842561/messages': end of stream
[04/05/21 21:11:46] [ERROR] Error while retrieving HTTP POST response from '/api/v8/channels/827532185056837662/messages': end of stream
[04/05/21 21:44:03] [ERROR] Error while retrieving HTTP POST response from '/api/v8/channels/827532185056837662/messages': end of stream
[04/05/21 21:54:40] [ERROR] Error while retrieving HTTP POST response from '/api/v8/channels/827532185056837662/messages': end of stream
[04/05/21 22:47:15] [ERROR] Error while retrieving HTTP POST response from '/api/v8/channels/827532185056837662/messages': end of stream
[04/05/21 23:00:27] [ERROR] Error while retrieving HTTP POST response from '/api/v8/channels/827531952059842561/messages': end of stream
[04/05/21 23:10:04] [ERROR] Error while retrieving HTTP POST response from '/api/v8/channels/827532185056837662/messages': end of stream
[04/06/21 00:01:02] [ERROR] Error while retrieving HTTP POST response from '/api/v8/channels/827531952059842561/messages': end of stream
[04/06/21 00:30:39] [ERROR] Can't write to Discord websocket gateway: Operation canceled (125)
[04/06/21 01:00:17] [ERROR] Error while retrieving HTTP POST response from '/api/v8/channels/827531952059842561/messages': end of stream
[04/06/21 02:00:42] [ERROR] Error while retrieving HTTP POST response from '/api/v8/channels/827531952059842561/messages': end of stream
[04/06/21 02:18:40] [ERROR] Error while retrieving HTTP POST response from '/api/v8/channels/827532185056837662/messages': end of stream
[04/06/21 02:27:00] [ERROR] Can't write to Discord websocket gateway: Operation canceled (125)
[04/06/21 02:31:16] [ERROR] Error while retrieving HTTP POST response from '/api/v8/channels/827532185056837662/messages': end of stream
[04/06/21 02:40:26] [ERROR] Error while retrieving HTTP POST response from '/api/v8/channels/827583671375888395/messages': end of stream
[04/06/21 03:00:29] [ERROR] Error while retrieving HTTP POST response from '/api/v8/channels/827531952059842561/messages': end of stream
[04/06/21 03:13:22] [ERROR] Error while retrieving HTTP POST response from '/api/v8/channels/827532185056837662/messages': end of stream
[04/06/21 03:22:23] [ERROR] Error while retrieving HTTP POST response from '/api/v8/channels/827532185056837662/messages': end of stream
[04/06/21 03:25:19] [ERROR] Can't write to Discord websocket gateway: Operation canceled (125)
[04/06/21 03:41:12] [ERROR] Error while retrieving HTTP POST response from '/api/v8/channels/827532185056837662/messages': end of stream
[04/06/21 03:56:21] [ERROR] Error while retrieving HTTP POST response from '/api/v8/channels/827532185056837662/messages': end of stream
[04/06/21 04:18:59] [ERROR] Error while retrieving HTTP POST response from '/api/v8/channels/827532185056837662/messages': end of stream
[04/06/21 04:36:26] [ERROR] Error while retrieving HTTP POST response from '/api/v8/channels/827584133319753758/messages': end of stream
[04/06/21 04:47:34] [ERROR] Error while retrieving HTTP POST response from '/api/v8/channels/827532185056837662/messages': end of stream
[04/06/21 06:16:08] [ERROR] Error while retrieving HTTP POST response from '/api/v8/channels/827532185056837662/messages': end of stream
[04/06/21 06:20:05] [ERROR] Can't write to Discord websocket gateway: Operation canceled (125)
[04/06/21 08:13:47] [ERROR] Can't write to Discord websocket gateway: Operation canceled (125)
[04/06/21 11:47:17] [ERROR] Can't write to Discord websocket gateway: Operation canceled (125)
[04/06/21 12:37:58] [ERROR] Error while retrieving HTTP POST response from '/api/v8/channels/827532185056837662/messages': end of stream
[04/06/21 12:57:24] [ERROR] Error while retrieving HTTP POST response from '/api/v8/channels/827532185056837662/messages': end of stream
[04/06/21 13:24:21] [ERROR] Can't write to Discord websocket gateway: Operation canceled (125)
[04/06/21 13:25:20] [ERROR] Error while retrieving HTTP POST response from '/api/v8/channels/827532185056837662/messages': end of stream
[04/06/21 13:37:32] [ERROR] Error while retrieving HTTP POST response from '/api/v8/channels/827532185056837662/messages': end of stream
[04/06/21 13:55:49] [ERROR] Error while retrieving HTTP POST response from '/api/v8/channels/827532185056837662/messages': end of stream
[04/06/21 14:03:30] [ERROR] Can't write to Discord websocket gateway: Operation canceled (125)
[04/06/21 14:38:22] [ERROR] Error while retrieving HTTP POST response from '/api/v8/channels/827532185056837662/messages': end of stream
[04/06/21 14:57:58] [ERROR] Can't write to Discord websocket gateway: Operation canceled (125)
[04/06/21 15:43:52] [ERROR] Error while retrieving HTTP POST response from '/api/v8/channels/827532185056837662/messages': end of stream
[04/06/21 17:20:35] [ERROR] Error while retrieving HTTP POST response from '/api/v8/channels/827532185056837662/messages': end of stream
[04/06/21 19:08:40] [ERROR] Can't write to Discord websocket gateway: Operation canceled (125)
[04/06/21 19:11:06] [ERROR] Error while retrieving HTTP POST response from '/api/v8/channels/827532185056837662/messages': end of stream
[04/06/21 19:22:06] [ERROR] Error while retrieving HTTP POST response from '/api/v8/channels/827532185056837662/messages': end of stream
[04/06/21 19:43:51] [ERROR] Error while retrieving HTTP POST response from '/api/v8/channels/827532185056837662/messages': end of stream
[04/06/21 19:56:49] [ERROR] Error while retrieving HTTP POST response from '/api/v8/channels/827532185056837662/messages': end of stream
[04/06/21 20:01:19] [ERROR] Discord terminated websocket connection; reason:  (0)
[04/06/21 20:01:19] [ERROR] Can't write to Discord websocket gateway: Operation canceled (125)
[04/06/21 20:52:16] [ERROR] Error while retrieving HTTP POST response from '/api/v8/channels/827532185056837662/messages': end of stream
[04/06/21 21:00:24] [ERROR] Error while retrieving HTTP POST response from '/api/v8/channels/827531952059842561/messages': end of stream
[04/06/21 22:00:49] [ERROR] Error while retrieving HTTP POST response from '/api/v8/channels/827531952059842561/messages': end of stream
[04/06/21 22:11:45] [ERROR] Error while retrieving HTTP POST response from '/api/v8/channels/827532185056837662/messages': end of stream
[04/06/21 22:30:36] [ERROR] Can't write to Discord websocket gateway: Operation canceled (125)
[04/06/21 23:00:12] [ERROR] Error while retrieving HTTP POST response from '/api/v8/channels/827531952059842561/messages': end of stream
[04/06/21 23:20:14] [ERROR] Error while retrieving HTTP POST response from '/api/v8/channels/827532185056837662/messages': end of stream
[04/06/21 23:34:46] [ERROR] Can't write to Discord websocket gateway: Operation canceled (125)
[04/07/21 00:00:40] [ERROR] Error while retrieving HTTP POST response from '/api/v8/channels/827531952059842561/messages': end of stream
[04/07/21 00:42:53] [ERROR] Error while retrieving HTTP POST response from '/api/v8/channels/827532185056837662/messages': end of stream
[04/07/21 01:00:12] [ERROR] Error while retrieving HTTP POST response from '/api/v8/channels/827531952059842561/messages': end of stream
[04/07/21 02:00:08] [ERROR] Error while retrieving HTTP POST response from '/api/v8/channels/827531952059842561/messages': end of stream
[04/07/21 03:00:05] [ERROR] Error while retrieving HTTP POST response from '/api/v8/channels/827531952059842561/messages': end of stream
[04/07/21 03:01:48] [ERROR] Can't write to Discord websocket gateway: Operation canceled (125)
[04/07/21 03:18:35] [ERROR] Error while retrieving HTTP POST response from '/api/v8/channels/827532185056837662/messages': end of stream
[04/07/21 03:27:55] [ERROR] Error while retrieving HTTP POST response from '/api/v8/channels/827532185056837662/messages': end of stream
[04/07/21 03:36:16] [ERROR] Error while retrieving HTTP POST response from '/api/v8/channels/827532185056837662/messages': end of stream
[04/07/21 03:49:04] [ERROR] Error while retrieving HTTP POST response from '/api/v8/channels/827532185056837662/messages': end of stream
[04/07/21 04:01:03] [ERROR] Error while retrieving HTTP POST response from '/api/v8/channels/827531952059842561/messages': end of stream
[04/07/21 04:18:30] [ERROR] Can't write to Discord websocket gateway: Operation canceled (125)
[04/07/21 04:28:27] [ERROR] Error while retrieving HTTP POST response from '/api/v8/channels/827532185056837662/messages': end of stream
[04/07/21 04:53:39] [ERROR] Error while retrieving HTTP POST response from '/api/v8/channels/827532185056837662/messages': end of stream
[04/07/21 05:31:13] [ERROR] Error while retrieving HTTP POST response from '/api/v8/channels/827532185056837662/messages': end of stream
[04/07/21 05:44:15] [ERROR] Error while retrieving HTTP POST response from '/api/v8/channels/827532185056837662/messages': end of stream
[04/07/21 08:59:17] [ERROR] Can't write to Discord websocket gateway: Operation canceled (125)
[04/07/21 13:24:01] [WARNING] Unknown gateway event 'INTEGRATION_DELETE'
[04/07/21 13:30:15] [ERROR] Discord terminated websocket connection; reason:  (0)
[04/07/21 13:30:15] [ERROR] Can't write to Discord websocket gateway: Operation canceled (125)
[04/07/21 14:48:42] [ERROR] Error while retrieving HTTP POST response from '/api/v8/channels/827532185056837662/messages': end of stream
[04/07/21 15:06:05] [ERROR] Discord terminated websocket connection; reason:  (1000)
[04/07/21 15:06:05] [ERROR] Can't write to Discord websocket gateway: Operation canceled (125)
[04/07/21 17:25:26] [ERROR] Can't write to Discord websocket gateway: Operation canceled (125)
[04/07/21 18:13:52] [ERROR] Discord terminated websocket connection; reason:  (0)
[04/07/21 18:13:52] [ERROR] Can't write to Discord websocket gateway: Operation canceled (125)
[04/07/21 18:17:48] [ERROR] Error while retrieving HTTP POST response from '/api/v8/channels/827532185056837662/messages': end of stream
[04/07/21 19:01:01] [ERROR] Error while retrieving HTTP POST response from '/api/v8/channels/827531952059842561/messages': end of stream
[04/07/21 19:12:13] [ERROR] Error while retrieving HTTP POST response from '/api/v8/channels/827532185056837662/messages': end of stream
[04/07/21 19:36:27] [ERROR] Can't write to Discord websocket gateway: Operation canceled (125)
[04/07/21 19:53:45] [ERROR] Error while retrieving HTTP POST response from '/api/v8/channels/827532185056837662/messages': end of stream
[04/07/21 20:27:01] [ERROR] Error while retrieving HTTP POST response from '/api/v8/channels/827532185056837662/messages': end of stream
[04/07/21 21:00:50] [ERROR] Error while retrieving HTTP POST response from '/api/v8/channels/827531952059842561/messages': end of stream
[04/07/21 21:30:52] [ERROR] Error while retrieving HTTP POST response from '/api/v8/channels/827532185056837662/messages': end of stream
[04/07/21 21:31:13] [ERROR] Can't write to Discord websocket gateway: Operation canceled (125)
[04/07/21 21:38:15] [ERROR] Error while retrieving HTTP POST response from '/api/v8/channels/827532185056837662/messages': end of stream
[04/07/21 21:47:37] [ERROR] Error while retrieving HTTP POST response from '/api/v8/channels/827532185056837662/messages': end of stream
[04/07/21 21:49:48] [ERROR] Discord terminated websocket connection; reason:  (0)
[04/07/21 21:49:48] [ERROR] Can't write to Discord websocket gateway: Operation canceled (125)
[04/07/21 22:00:02] [ERROR] Error while retrieving HTTP POST response from '/api/v8/channels/827531952059842561/messages': end of stream
[04/07/21 22:19:36] [ERROR] Can't write to Discord websocket gateway: Operation canceled (125)
[04/07/21 22:30:50] [ERROR] Discord terminated websocket connection; reason:  (1000)
[04/07/21 22:31:25] [ERROR] Can't connect to Discord gateway: The socket was closed due to a timeout (1)
[04/07/21 22:32:00] [ERROR] Can't connect to Discord gateway: The socket was closed due to a timeout (1)
[04/07/21 23:00:42] [ERROR] Error while retrieving HTTP POST response from '/api/v8/channels/827531952059842561/messages': end of stream
[04/07/21 23:33:05] [ERROR] Discord terminated websocket connection; reason:  (0)
[04/07/21 23:33:05] [ERROR] Can't write to Discord websocket gateway: Operation canceled (125)
[04/07/21 23:48:44] [ERROR] Discord terminated websocket connection; reason:  (0)
[04/07/21 23:48:44] [ERROR] Can't write to Discord websocket gateway: Operation canceled (125)
[04/08/21 00:00:12] [ERROR] Error while retrieving HTTP POST response from '/api/v8/channels/827531952059842561/messages': end of stream
[04/08/21 00:11:17] [ERROR] Can't write to Discord websocket gateway: Operation canceled (125)
[04/08/21 01:00:52] [ERROR] Error while retrieving HTTP POST response from '/api/v8/channels/827531952059842561/messages': end of stream
[04/08/21 01:54:42] [ERROR] Can't write to Discord websocket gateway: Operation canceled (125)
[04/08/21 02:00:25] [ERROR] Error while retrieving HTTP POST response from '/api/v8/channels/827531952059842561/messages': end of stream
[04/08/21 02:53:12] [ERROR] Can't write to Discord websocket gateway: Operation canceled (125)
[04/08/21 03:00:02] [ERROR] Error while retrieving HTTP POST response from '/api/v8/channels/827531952059842561/messages': end of stream
[04/08/21 03:20:08] [ERROR] Error while retrieving HTTP POST response from '/api/v8/channels/827532185056837662/messages': end of stream
[04/08/21 03:38:00] [ERROR] Error while retrieving HTTP POST response from '/api/v8/channels/827532185056837662/messages': end of stream
[04/08/21 03:45:44] [ERROR] Error while retrieving HTTP POST response from '/api/v8/channels/827532185056837662/messages': end of stream
[04/08/21 04:00:58] [ERROR] Error while retrieving HTTP POST response from '/api/v8/channels/827531952059842561/messages': end of stream
[04/08/21 04:18:57] [ERROR] Error while retrieving HTTP POST response from '/api/v8/channels/827532185056837662/messages': end of stream
[04/08/21 04:39:19] [ERROR] Error while retrieving HTTP POST response from '/api/v8/channels/827532185056837662/messages': end of stream
[04/08/21 04:54:17] [ERROR] Error while retrieving HTTP POST response from '/api/v8/channels/827532185056837662/messages': end of stream
[04/08/21 05:20:35] [ERROR] Can't write to Discord websocket gateway: Operation canceled (125)
[04/08/21 05:31:48] [ERROR] Error while retrieving HTTP POST response from '/api/v8/channels/827532185056837662/messages': end of stream
[04/08/21 07:23:19] [ERROR] Error while retrieving HTTP POST response from '/api/v8/channels/827532185056837662/messages': end of stream
[04/08/21 11:07:06] [ERROR] Can't write to Discord websocket gateway: Operation canceled (125)
[04/08/21 11:32:10] [ERROR] Error while retrieving HTTP POST response from '/api/v8/channels/827532185056837662/messages': end of stream
[04/08/21 12:17:02] [ERROR] Can't write to Discord websocket gateway: Operation canceled (125)
[04/08/21 12:27:34] [ERROR] Error while retrieving HTTP POST response from '/api/v8/channels/827532185056837662/messages': end of stream
[04/08/21 12:43:05] [ERROR] Can't write to Discord websocket gateway: Operation canceled (125)
[04/08/21 12:46:08] [ERROR] Error while retrieving HTTP POST response from '/api/v8/channels/827532185056837662/messages': end of stream
[04/08/21 13:00:33] [ERROR] Error while retrieving HTTP POST response from '/api/v8/channels/827531952059842561/messages': end of stream
[04/08/21 13:38:14] [ERROR] Error while retrieving HTTP POST response from '/api/v8/channels/827532185056837662/messages': end of stream
[04/08/21 14:00:23] [ERROR] Error while retrieving HTTP POST response from '/api/v8/channels/827531952059842561/messages': end of stream
[04/08/21 14:32:26] [ERROR] Error while retrieving HTTP POST response from '/api/v8/channels/827532185056837662/messages': end of stream
[04/08/21 16:34:56] [ERROR] Can't write to Discord websocket gateway: Operation canceled (125)
[04/08/21 17:53:46] [ERROR] Can't write to Discord websocket gateway: Operation canceled (125)
[04/08/21 18:54:05] [ERROR] Error while retrieving HTTP POST response from '/api/v8/channels/827532185056837662/messages': end of stream
[04/08/21 19:12:22] [ERROR] Error while retrieving HTTP POST response from '/api/v8/channels/827532185056837662/messages': end of stream
[04/08/21 19:31:01] [ERROR] Error while retrieving HTTP POST response from '/api/v8/channels/827532185056837662/messages': end of stream
[04/08/21 19:53:43] [ERROR] Error while retrieving HTTP POST response from '/api/v8/channels/827532185056837662/messages': end of stream
[04/08/21 21:00:31] [ERROR] Error while retrieving HTTP POST response from '/api/v8/channels/827531952059842561/messages': end of stream
[04/08/21 21:01:09] [ERROR] Can't write to Discord websocket gateway: Operation canceled (125)
[04/08/21 21:32:50] [ERROR] Can't write to Discord websocket gateway: Operation canceled (125)
[04/08/21 22:00:50] [ERROR] Error while retrieving HTTP POST response from '/api/v8/channels/827531952059842561/messages': end of stream
[04/08/21 22:03:55] [ERROR] Can't write to Discord websocket gateway: Operation canceled (125)
[04/08/21 23:00:02] [ERROR] Error while retrieving HTTP POST response from '/api/v8/channels/827531952059842561/messages': end of stream
[04/08/21 23:00:25] [ERROR] Can't write to Discord websocket gateway: Operation canceled (125)
[04/09/21 00:00:23] [ERROR] Error while retrieving HTTP POST response from '/api/v8/channels/827531952059842561/messages': end of stream
[04/09/21 01:00:45] [ERROR] Error while retrieving HTTP POST response from '/api/v8/channels/827531952059842561/messages': end of stream
[04/09/21 01:09:48] [ERROR] Error while retrieving HTTP POST response from '/api/v8/channels/827532185056837662/messages': end of stream
[04/09/21 01:42:04] [ERROR] Discord terminated websocket connection; reason:  (1001)
[04/09/21 01:42:04] [ERROR] Can't write to Discord websocket gateway: Operation canceled (125)
[04/09/21 02:00:53] [ERROR] Error while retrieving HTTP POST response from '/api/v8/channels/827531952059842561/messages': end of stream
[04/09/21 02:58:59] [ERROR] Error while retrieving HTTP POST response from '/api/v8/channels/827532185056837662/messages': end of stream
[04/09/21 03:10:29] [ERROR] Error while retrieving HTTP POST response from '/api/v8/channels/827532185056837662/messages': end of stream
[04/09/21 03:46:24] [ERROR] Error while retrieving HTTP POST response from '/api/v8/channels/827532185056837662/messages': end of stream
[04/09/21 03:53:31] [ERROR] Error while retrieving HTTP POST response from '/api/v8/channels/827532185056837662/messages': end of stream
[04/09/21 04:33:00] [ERROR] Error while retrieving HTTP POST response from '/api/v8/channels/827532185056837662/messages': end of stream
[04/09/21 05:14:22] [ERROR] Error while retrieving HTTP POST response from '/api/v8/channels/827532185056837662/messages': end of stream
[04/09/21 05:15:12] [ERROR] Can't write to Discord websocket gateway: Operation canceled (125)
[04/09/21 06:31:35] [WARNING] Unknown gateway event 'INTEGRATION_CREATE'
[04/09/21 07:40:43] [ERROR] Can't write to Discord websocket gateway: Operation canceled (125)
[04/09/21 10:29:51] [ERROR] Can't write to Discord websocket gateway: Operation canceled (125)
[04/09/21 12:30:38] [ERROR] Error while retrieving HTTP POST response from '/api/v8/channels/827532185056837662/messages': end of stream
[04/09/21 12:44:10] [ERROR] Error while retrieving HTTP POST response from '/api/v8/channels/827531952059842561/messages': end of stream
[04/09/21 13:20:02] [ERROR] Error while retrieving HTTP POST response from '/api/v8/channels/827532185056837662/messages': end of stream
[04/09/21 13:53:56] [ERROR] Can't write to Discord websocket gateway: Operation canceled (125)
[04/09/21 14:14:04] [ERROR] Error while retrieving HTTP POST response from '/api/v8/channels/827532185056837662/messages': end of stream
[04/09/21 16:03:22] [ERROR] Error while retrieving HTTP POST response from '/api/v8/channels/827532185056837662/messages': end of stream
[04/09/21 16:37:13] [ERROR] Can't write to Discord websocket gateway: Operation canceled (125)
[04/09/21 17:19:47] [ERROR] Error while retrieving HTTP POST response from '/api/v8/channels/827532185056837662/messages': end of stream
[04/09/21 18:58:10] [ERROR] Error while retrieving HTTP POST response from '/api/v8/channels/827532185056837662/messages': end of stream
[04/09/21 19:21:29] [ERROR] Error while retrieving HTTP POST response from '/api/v8/channels/827532185056837662/messages': end of stream
[04/09/21 19:36:00] [ERROR] Can't write to Discord websocket gateway: Operation canceled (125)
[04/09/21 20:00:07] [ERROR] Error while retrieving HTTP POST response from '/api/v8/channels/827531952059842561/messages': end of stream
[04/09/21 21:00:33] [ERROR] Error while retrieving HTTP POST response from '/api/v8/channels/827531952059842561/messages': end of stream
[04/09/21 22:00:58] [ERROR] Error while retrieving HTTP POST response from '/api/v8/channels/827531952059842561/messages': end of stream
[04/09/21 22:15:39] [ERROR] Can't write to Discord websocket gateway: Operation canceled (125)
[04/09/21 22:24:49] [ERROR] Error while retrieving HTTP POST response from '/api/v8/channels/827532185056837662/messages': end of stream
[04/09/21 23:00:24] [ERROR] Error while retrieving HTTP POST response from '/api/v8/channels/827531952059842561/messages': end of stream
[04/10/21 00:00:49] [ERROR] Error while retrieving HTTP POST response from '/api/v8/channels/827531952059842561/messages': end of stream
[04/10/21 00:30:00] [ERROR] Can't write to Discord websocket gateway: Operation canceled (125)
[04/10/21 01:00:11] [ERROR] Error while retrieving HTTP POST response from '/api/v8/channels/827531952059842561/messages': end of stream
[04/10/21 01:39:23] [ERROR] Can't write to Discord websocket gateway: Operation canceled (125)
[04/10/21 02:00:36] [ERROR] Error while retrieving HTTP POST response from '/api/v8/channels/827531952059842561/messages': end of stream
[04/10/21 03:01:01] [ERROR] Error while retrieving HTTP POST response from '/api/v8/channels/827531952059842561/messages': end of stream
[04/10/21 03:37:22] [ERROR] Can't write to Discord websocket gateway: Operation canceled (125)
[04/10/21 04:00:22] [ERROR] Error while retrieving HTTP POST response from '/api/v8/channels/827531952059842561/messages': end of stream
[04/10/21 04:17:53] [ERROR] Error while retrieving HTTP POST response from '/api/v8/channels/827532185056837662/messages': end of stream
[04/10/21 04:42:57] [ERROR] Error while retrieving HTTP POST response from '/api/v8/channels/827532185056837662/messages': end of stream
[04/10/21 04:49:50] [ERROR] Error while retrieving HTTP POST response from '/api/v8/channels/827532185056837662/messages': end of stream
[04/10/21 05:42:32] [ERROR] Can't write to Discord websocket gateway: Operation canceled (125)
[04/10/21 06:51:58] [ERROR] Error while retrieving HTTP POST response from '/api/v8/channels/827532185056837662/messages': end of stream
[04/10/21 07:37:04] [ERROR] Error while retrieving HTTP POST response from '/api/v8/channels/827532185056837662/messages': end of stream
[04/10/21 09:19:34] [ERROR] Error while retrieving HTTP POST response from '/api/v8/channels/827532185056837662/messages': end of stream
[04/10/21 09:34:43] [ERROR] Error while retrieving HTTP POST response from '/api/v8/channels/827532185056837662/messages': end of stream
[04/10/21 09:39:40] [ERROR] Can't write to Discord websocket gateway: Operation canceled (125)
[04/10/21 10:27:25] [ERROR] Error while retrieving HTTP POST response from '/api/v8/channels/827532185056837662/messages': end of stream
[04/10/21 11:44:34] [ERROR] Error while retrieving HTTP POST response from '/api/v8/channels/827532185056837662/messages': end of stream
[04/10/21 12:00:43] [ERROR] Error while retrieving HTTP POST response from '/api/v8/channels/827531952059842561/messages': end of stream
[04/10/21 12:08:54] [ERROR] Error while retrieving HTTP POST response from '/api/v8/channels/827532185056837662/messages': end of stream
[04/10/21 12:09:05] [ERROR] Can't write to Discord websocket gateway: Operation canceled (125)
[04/10/21 12:30:15] [ERROR] Can't write to Discord websocket gateway: Operation canceled (125)
